0 info it worked if it ends with ok
1 verbose cli [ '/usr/local/Cellar/node/0.10.3/bin/node',
1 verbose cli   '/usr/local/bin/npm',
1 verbose cli   'install',
1 verbose cli   'socket' ]
2 info using npm@1.2.17
3 info using node@v0.10.3
4 verbose read json /Users/akingabramson/Desktop/reading_drafts/node_demo/package.json
5 verbose read json /Users/akingabramson/Desktop/reading_drafts/node_demo/node_modules/formidable/package.json
6 verbose read json /Users/akingabramson/Desktop/reading_drafts/node_demo/node_modules/socket.io/package.json
7 verbose read json /Users/akingabramson/Desktop/reading_drafts/node_demo/package.json
8 verbose cache add [ 'socket', null ]
9 verbose cache add name=undefined spec="socket" args=["socket",null]
10 verbose parsed url { protocol: null,
10 verbose parsed url   slashes: null,
10 verbose parsed url   auth: null,
10 verbose parsed url   host: null,
10 verbose parsed url   port: null,
10 verbose parsed url   hostname: null,
10 verbose parsed url   hash: null,
10 verbose parsed url   search: null,
10 verbose parsed url   query: null,
10 verbose parsed url   pathname: 'socket',
10 verbose parsed url   path: 'socket',
10 verbose parsed url   href: 'socket' }
11 silly lockFile 897d2105-socket socket
12 verbose lock socket /Users/akingabramson/.npm/897d2105-socket.lock
13 silly lockFile 897d2105-socket socket
14 silly lockFile 897d2105-socket socket
15 verbose addNamed [ 'socket', '' ]
16 verbose addNamed [ null, '' ]
17 silly lockFile 45707214-socket socket@
18 verbose lock socket@ /Users/akingabramson/.npm/45707214-socket.lock
19 silly addNameRange { name: 'socket', range: '', hasData: false }
20 verbose url raw socket
21 verbose url resolving [ 'https://registry.npmjs.org/', './socket' ]
22 verbose url resolved https://registry.npmjs.org/socket
23 info trying registry request attempt 1 at 16:34:40
24 http GET https://registry.npmjs.org/socket
25 http 200 https://registry.npmjs.org/socket
26 silly registry.get cb [ 200,
26 silly registry.get   { vary: 'Accept',
26 silly registry.get     server: 'CouchDB/1.3.1 (Erlang OTP/R15B03)',
26 silly registry.get     etag: '"ECC2J4RYC4C159M60TQITIXSD"',
26 silly registry.get     date: 'Tue, 29 Oct 2013 23:34:41 GMT',
26 silly registry.get     'content-type': 'application/json',
26 silly registry.get     'content-length': '1515' } ]
27 silly addNameRange number 2 { name: 'socket', range: '', hasData: true }
28 silly addNameRange versions [ 'socket', [ '0.0.1' ] ]
29 verbose addNamed [ 'socket', '0.0.1' ]
30 verbose addNamed [ '0.0.1', '0.0.1' ]
31 silly lockFile ccbb8590-socket-0-0-1 socket@0.0.1
32 verbose lock socket@0.0.1 /Users/akingabramson/.npm/ccbb8590-socket-0-0-1.lock
33 silly lockFile 22226b48-pmjs-org-socket-socket-0-0-1-tgz https://registry.npmjs.org/socket/-/socket-0.0.1.tgz
34 verbose lock https://registry.npmjs.org/socket/-/socket-0.0.1.tgz /Users/akingabramson/.npm/22226b48-pmjs-org-socket-socket-0-0-1-tgz.lock
35 verbose addRemoteTarball [ 'https://registry.npmjs.org/socket/-/socket-0.0.1.tgz',
35 verbose addRemoteTarball   '29ac6549f15a65b19f3444a4178d537a8c161a8b' ]
36 info retry fetch attempt 1 at 16:34:41
37 verbose fetch to= /var/folders/Sd/Sdb4fwgYE4mnRl1rpzTtMU++8DI/-Tmp-/npm-26676/1383089681216-0.6429984506685287/tmp.tgz
38 http GET https://registry.npmjs.org/socket/-/socket-0.0.1.tgz
39 http 200 https://registry.npmjs.org/socket/-/socket-0.0.1.tgz
40 silly shasum updated bytes 5556
41 info shasum 29ac6549f15a65b19f3444a4178d537a8c161a8b
41 info shasum /var/folders/Sd/Sdb4fwgYE4mnRl1rpzTtMU++8DI/-Tmp-/npm-26676/1383089681216-0.6429984506685287/tmp.tgz
42 verbose tar unpack /var/folders/Sd/Sdb4fwgYE4mnRl1rpzTtMU++8DI/-Tmp-/npm-26676/1383089681216-0.6429984506685287/tmp.tgz
43 silly lockFile 5ac737d7-81216-0-6429984506685287-package /var/folders/Sd/Sdb4fwgYE4mnRl1rpzTtMU++8DI/-Tmp-/npm-26676/1383089681216-0.6429984506685287/package
44 verbose lock /var/folders/Sd/Sdb4fwgYE4mnRl1rpzTtMU++8DI/-Tmp-/npm-26676/1383089681216-0.6429984506685287/package /Users/akingabramson/.npm/5ac737d7-81216-0-6429984506685287-package.lock
45 silly lockFile 946e3154-81216-0-6429984506685287-tmp-tgz /var/folders/Sd/Sdb4fwgYE4mnRl1rpzTtMU++8DI/-Tmp-/npm-26676/1383089681216-0.6429984506685287/tmp.tgz
46 verbose lock /var/folders/Sd/Sdb4fwgYE4mnRl1rpzTtMU++8DI/-Tmp-/npm-26676/1383089681216-0.6429984506685287/tmp.tgz /Users/akingabramson/.npm/946e3154-81216-0-6429984506685287-tmp-tgz.lock
47 silly gunzTarPerm modes [ '755', '644' ]
48 silly gunzTarPerm extractEntry examples/
49 silly gunzTarPerm extractEntry examples/echo-server.js
50 silly gunzTarPerm extractEntry examples/simple-test.js
51 silly gunzTarPerm extractEntry examples/simple-time-server.js
52 silly gunzTarPerm extractEntry index.js
53 silly gunzTarPerm extractEntry lib/
54 silly gunzTarPerm extractEntry lib/index.js
55 silly gunzTarPerm extractEntry lib/middleware/
56 silly gunzTarPerm extractEntry lib/middleware/echo.js
57 silly gunzTarPerm extractEntry lib/middleware/errorHandler.js
58 silly gunzTarPerm extractEntry lib/middleware/json.js
59 silly gunzTarPerm extractEntry lib/middleware/profiler.js
60 silly gunzTarPerm extractEntry lib/proto.js
61 silly gunzTarPerm extractEntry lib/utils.js
62 silly gunzTarPerm extractEntry nbproject/
63 silly gunzTarPerm extractEntry nbproject/private/
64 silly gunzTarPerm extractEntry nbproject/private/private.properties
65 silly gunzTarPerm extractEntry nbproject/project.properties
66 silly gunzTarPerm extractEntry nbproject/project.xml
67 silly gunzTarPerm extractEntry package.json
68 silly gunzTarPerm extractEntry scripts/
69 silly gunzTarPerm extractEntry scripts/lint
70 verbose read json /var/folders/Sd/Sdb4fwgYE4mnRl1rpzTtMU++8DI/-Tmp-/npm-26676/1383089681216-0.6429984506685287/package/package.json
71 warn package.json socket@0.0.1 No README.md file found!
72 silly lockFile 5ac737d7-81216-0-6429984506685287-package /var/folders/Sd/Sdb4fwgYE4mnRl1rpzTtMU++8DI/-Tmp-/npm-26676/1383089681216-0.6429984506685287/package
73 silly lockFile 5ac737d7-81216-0-6429984506685287-package /var/folders/Sd/Sdb4fwgYE4mnRl1rpzTtMU++8DI/-Tmp-/npm-26676/1383089681216-0.6429984506685287/package
74 silly lockFile 946e3154-81216-0-6429984506685287-tmp-tgz /var/folders/Sd/Sdb4fwgYE4mnRl1rpzTtMU++8DI/-Tmp-/npm-26676/1383089681216-0.6429984506685287/tmp.tgz
75 silly lockFile 946e3154-81216-0-6429984506685287-tmp-tgz /var/folders/Sd/Sdb4fwgYE4mnRl1rpzTtMU++8DI/-Tmp-/npm-26676/1383089681216-0.6429984506685287/tmp.tgz
76 verbose from cache /var/folders/Sd/Sdb4fwgYE4mnRl1rpzTtMU++8DI/-Tmp-/npm-26676/1383089681216-0.6429984506685287/package/package.json
77 verbose tar pack [ '/Users/akingabramson/.npm/socket/0.0.1/package.tgz',
77 verbose tar pack   '/var/folders/Sd/Sdb4fwgYE4mnRl1rpzTtMU++8DI/-Tmp-/npm-26676/1383089681216-0.6429984506685287/package' ]
78 verbose tarball /Users/akingabramson/.npm/socket/0.0.1/package.tgz
79 verbose folder /var/folders/Sd/Sdb4fwgYE4mnRl1rpzTtMU++8DI/-Tmp-/npm-26676/1383089681216-0.6429984506685287/package
80 silly lockFile 5ac737d7-81216-0-6429984506685287-package /var/folders/Sd/Sdb4fwgYE4mnRl1rpzTtMU++8DI/-Tmp-/npm-26676/1383089681216-0.6429984506685287/package
81 verbose lock /var/folders/Sd/Sdb4fwgYE4mnRl1rpzTtMU++8DI/-Tmp-/npm-26676/1383089681216-0.6429984506685287/package /Users/akingabramson/.npm/5ac737d7-81216-0-6429984506685287-package.lock
82 silly lockFile f3b0b8d7-son-npm-socket-0-0-1-package-tgz /Users/akingabramson/.npm/socket/0.0.1/package.tgz
83 verbose lock /Users/akingabramson/.npm/socket/0.0.1/package.tgz /Users/akingabramson/.npm/f3b0b8d7-son-npm-socket-0-0-1-package-tgz.lock
84 silly lockFile 5ac737d7-81216-0-6429984506685287-package /var/folders/Sd/Sdb4fwgYE4mnRl1rpzTtMU++8DI/-Tmp-/npm-26676/1383089681216-0.6429984506685287/package
85 silly lockFile 5ac737d7-81216-0-6429984506685287-package /var/folders/Sd/Sdb4fwgYE4mnRl1rpzTtMU++8DI/-Tmp-/npm-26676/1383089681216-0.6429984506685287/package
86 silly lockFile f3b0b8d7-son-npm-socket-0-0-1-package-tgz /Users/akingabramson/.npm/socket/0.0.1/package.tgz
87 silly lockFile f3b0b8d7-son-npm-socket-0-0-1-package-tgz /Users/akingabramson/.npm/socket/0.0.1/package.tgz
88 silly lockFile 30fe40da-bramson-npm-socket-0-0-1-package /Users/akingabramson/.npm/socket/0.0.1/package
89 verbose lock /Users/akingabramson/.npm/socket/0.0.1/package /Users/akingabramson/.npm/30fe40da-bramson-npm-socket-0-0-1-package.lock
90 silly lockFile 30fe40da-bramson-npm-socket-0-0-1-package /Users/akingabramson/.npm/socket/0.0.1/package
91 silly lockFile 30fe40da-bramson-npm-socket-0-0-1-package /Users/akingabramson/.npm/socket/0.0.1/package
92 verbose tar unpack /Users/akingabramson/.npm/socket/0.0.1/package.tgz
93 silly lockFile 30fe40da-bramson-npm-socket-0-0-1-package /Users/akingabramson/.npm/socket/0.0.1/package
94 verbose lock /Users/akingabramson/.npm/socket/0.0.1/package /Users/akingabramson/.npm/30fe40da-bramson-npm-socket-0-0-1-package.lock
95 silly lockFile f3b0b8d7-son-npm-socket-0-0-1-package-tgz /Users/akingabramson/.npm/socket/0.0.1/package.tgz
96 verbose lock /Users/akingabramson/.npm/socket/0.0.1/package.tgz /Users/akingabramson/.npm/f3b0b8d7-son-npm-socket-0-0-1-package-tgz.lock
97 silly gunzTarPerm modes [ '755', '644' ]
98 silly gunzTarPerm extractEntry package.json
99 silly gunzTarPerm extractEntry index.js
100 silly gunzTarPerm extractEntry examples/echo-server.js
101 silly gunzTarPerm extractEntry examples/simple-test.js
102 silly gunzTarPerm extractEntry examples/simple-time-server.js
103 silly gunzTarPerm extractEntry lib/index.js
104 silly gunzTarPerm extractEntry lib/proto.js
105 silly gunzTarPerm extractEntry lib/utils.js
106 silly gunzTarPerm extractEntry lib/middleware/echo.js
107 silly gunzTarPerm extractEntry lib/middleware/errorHandler.js
108 silly gunzTarPerm extractEntry lib/middleware/json.js
109 silly gunzTarPerm extractEntry lib/middleware/profiler.js
110 silly gunzTarPerm extractEntry nbproject/private/private.properties
111 silly gunzTarPerm extractEntry nbproject/project.properties
112 silly gunzTarPerm extractEntry nbproject/project.xml
113 silly gunzTarPerm extractEntry scripts/lint
114 verbose read json /Users/akingabramson/.npm/socket/0.0.1/package/package.json
115 silly lockFile 30fe40da-bramson-npm-socket-0-0-1-package /Users/akingabramson/.npm/socket/0.0.1/package
116 silly lockFile 30fe40da-bramson-npm-socket-0-0-1-package /Users/akingabramson/.npm/socket/0.0.1/package
117 silly lockFile f3b0b8d7-son-npm-socket-0-0-1-package-tgz /Users/akingabramson/.npm/socket/0.0.1/package.tgz
118 silly lockFile f3b0b8d7-son-npm-socket-0-0-1-package-tgz /Users/akingabramson/.npm/socket/0.0.1/package.tgz
119 silly shasum updated bytes 5415
120 info shasum f36867c63f0201b248c6d8ff4cbc05d439c851b5
120 info shasum /Users/akingabramson/.npm/socket/0.0.1/package.tgz
121 verbose from cache /Users/akingabramson/.npm/socket/0.0.1/package/package.json
122 verbose chmod /Users/akingabramson/.npm/socket/0.0.1/package.tgz 644
123 verbose chown /Users/akingabramson/.npm/socket/0.0.1/package.tgz [ 10485, 1028 ]
124 silly lockFile 22226b48-pmjs-org-socket-socket-0-0-1-tgz https://registry.npmjs.org/socket/-/socket-0.0.1.tgz
125 silly lockFile 22226b48-pmjs-org-socket-socket-0-0-1-tgz https://registry.npmjs.org/socket/-/socket-0.0.1.tgz
126 silly lockFile ccbb8590-socket-0-0-1 socket@0.0.1
127 silly lockFile ccbb8590-socket-0-0-1 socket@0.0.1
128 silly lockFile 45707214-socket socket@
129 silly lockFile 45707214-socket socket@
130 silly resolved [ { name: 'socket',
130 silly resolved     description: 'Socket is a connect clone for simple socket based applications',
130 silly resolved     version: '0.0.1',
130 silly resolved     author:
130 silly resolved      { name: 'Richard S Allinson',
130 silly resolved        email: 'rsa@mounitainmansoftware.com' },
130 silly resolved     main: 'index',
130 silly resolved     engines: { node: '>= 0.6.0 < 0.7.0' },
130 silly resolved     dependencies: { microtime: '=0.2.0' },
130 silly resolved     repository: { type: 'git', url: 'https://github.com/capecodehq/socket.git' },
130 silly resolved     license: 'MIT',
130 silly resolved     _id: 'socket@0.0.1',
130 silly resolved     readme: 'ERROR: No README.md file found!',
130 silly resolved     dist: { shasum: 'f36867c63f0201b248c6d8ff4cbc05d439c851b5' },
130 silly resolved     _from: 'socket@',
130 silly resolved     _resolved: 'https://registry.npmjs.org/socket/-/socket-0.0.1.tgz' } ]
131 info install socket@0.0.1 into /Users/akingabramson/Desktop/reading_drafts/node_demo
132 info installOne socket@0.0.1
133 warn engine socket@0.0.1: wanted: {"node":">= 0.6.0 < 0.7.0"} (current: {"node":"v0.10.3","npm":"1.2.17"})
134 verbose from cache /Users/akingabramson/.npm/socket/0.0.1/package/package.json
135 info /Users/akingabramson/Desktop/reading_drafts/node_demo/node_modules/socket unbuild
136 verbose read json /Users/akingabramson/Desktop/reading_drafts/node_demo/node_modules/socket/package.json
137 verbose tar unpack /Users/akingabramson/.npm/socket/0.0.1/package.tgz
138 silly lockFile 92830d9e-ts-node-demo-node-modules-socket /Users/akingabramson/Desktop/reading_drafts/node_demo/node_modules/socket
139 verbose lock /Users/akingabramson/Desktop/reading_drafts/node_demo/node_modules/socket /Users/akingabramson/.npm/92830d9e-ts-node-demo-node-modules-socket.lock
140 silly lockFile f3b0b8d7-son-npm-socket-0-0-1-package-tgz /Users/akingabramson/.npm/socket/0.0.1/package.tgz
141 verbose lock /Users/akingabramson/.npm/socket/0.0.1/package.tgz /Users/akingabramson/.npm/f3b0b8d7-son-npm-socket-0-0-1-package-tgz.lock
142 silly gunzTarPerm modes [ '755', '644' ]
143 silly gunzTarPerm extractEntry package.json
144 silly gunzTarPerm extractEntry index.js
145 silly gunzTarPerm extractEntry examples/echo-server.js
146 silly gunzTarPerm extractEntry examples/simple-test.js
147 silly gunzTarPerm extractEntry examples/simple-time-server.js
148 silly gunzTarPerm extractEntry lib/index.js
149 silly gunzTarPerm extractEntry lib/proto.js
150 silly gunzTarPerm extractEntry lib/utils.js
151 silly gunzTarPerm extractEntry lib/middleware/echo.js
152 silly gunzTarPerm extractEntry lib/middleware/errorHandler.js
153 silly gunzTarPerm extractEntry lib/middleware/json.js
154 silly gunzTarPerm extractEntry lib/middleware/profiler.js
155 silly gunzTarPerm extractEntry nbproject/private/private.properties
156 silly gunzTarPerm extractEntry nbproject/project.properties
157 silly gunzTarPerm extractEntry nbproject/project.xml
158 silly gunzTarPerm extractEntry scripts/lint
159 verbose read json /Users/akingabramson/Desktop/reading_drafts/node_demo/node_modules/socket/package.json
160 silly lockFile 92830d9e-ts-node-demo-node-modules-socket /Users/akingabramson/Desktop/reading_drafts/node_demo/node_modules/socket
161 silly lockFile 92830d9e-ts-node-demo-node-modules-socket /Users/akingabramson/Desktop/reading_drafts/node_demo/node_modules/socket
162 silly lockFile f3b0b8d7-son-npm-socket-0-0-1-package-tgz /Users/akingabramson/.npm/socket/0.0.1/package.tgz
163 silly lockFile f3b0b8d7-son-npm-socket-0-0-1-package-tgz /Users/akingabramson/.npm/socket/0.0.1/package.tgz
164 info preinstall socket@0.0.1
165 verbose from cache /Users/akingabramson/Desktop/reading_drafts/node_demo/node_modules/socket/package.json
166 verbose readDependencies using package.json deps
167 verbose from cache /Users/akingabramson/Desktop/reading_drafts/node_demo/node_modules/socket/package.json
168 verbose readDependencies using package.json deps
169 verbose cache add [ 'microtime@=0.2.0', null ]
170 verbose cache add name=undefined spec="microtime@=0.2.0" args=["microtime@=0.2.0",null]
171 verbose parsed url { protocol: null,
171 verbose parsed url   slashes: null,
171 verbose parsed url   auth: null,
171 verbose parsed url   host: null,
171 verbose parsed url   port: null,
171 verbose parsed url   hostname: null,
171 verbose parsed url   hash: null,
171 verbose parsed url   search: null,
171 verbose parsed url   query: null,
171 verbose parsed url   pathname: 'microtime@=0.2.0',
171 verbose parsed url   path: 'microtime@=0.2.0',
171 verbose parsed url   href: 'microtime@=0.2.0' }
172 verbose cache add name="microtime" spec="=0.2.0" args=["microtime","=0.2.0"]
173 verbose parsed url { protocol: null,
173 verbose parsed url   slashes: null,
173 verbose parsed url   auth: null,
173 verbose parsed url   host: null,
173 verbose parsed url   port: null,
173 verbose parsed url   hostname: null,
173 verbose parsed url   hash: null,
173 verbose parsed url   search: null,
173 verbose parsed url   query: null,
173 verbose parsed url   pathname: '=0.2.0',
173 verbose parsed url   path: '=0.2.0',
173 verbose parsed url   href: '=0.2.0' }
174 verbose addNamed [ 'microtime', '=0.2.0' ]
175 verbose addNamed [ '0.2.0', '=0.2.0' ]
176 silly lockFile 2e0a3709-microtime-0-2-0 microtime@=0.2.0
177 verbose lock microtime@=0.2.0 /Users/akingabramson/.npm/2e0a3709-microtime-0-2-0.lock
178 verbose url raw microtime/0.2.0
179 verbose url resolving [ 'https://registry.npmjs.org/', './microtime/0.2.0' ]
180 verbose url resolved https://registry.npmjs.org/microtime/0.2.0
181 info trying registry request attempt 1 at 16:34:41
182 http GET https://registry.npmjs.org/microtime/0.2.0
183 http 200 https://registry.npmjs.org/microtime/0.2.0
184 silly registry.get cb [ 200,
184 silly registry.get   { vary: 'Accept',
184 silly registry.get     server: 'CouchDB/1.3.1 (Erlang OTP/R15B03)',
184 silly registry.get     etag: '"83RCGGZ6LJDDFS0SFLQ3JN44H"',
184 silly registry.get     date: 'Tue, 29 Oct 2013 23:34:42 GMT',
184 silly registry.get     'content-type': 'application/json',
184 silly registry.get     'content-length': '842' } ]
185 silly lockFile 1672971e-rg-microtime-microtime-0-2-0-tgz https://registry.npmjs.org/microtime/-/microtime-0.2.0.tgz
186 verbose lock https://registry.npmjs.org/microtime/-/microtime-0.2.0.tgz /Users/akingabramson/.npm/1672971e-rg-microtime-microtime-0-2-0-tgz.lock
187 verbose addRemoteTarball [ 'https://registry.npmjs.org/microtime/-/microtime-0.2.0.tgz',
187 verbose addRemoteTarball   '45ee5cb061f9948a3ade221e620d5117a8a2bdb4' ]
188 info retry fetch attempt 1 at 16:34:42
189 verbose fetch to= /var/folders/Sd/Sdb4fwgYE4mnRl1rpzTtMU++8DI/-Tmp-/npm-26676/1383089682359-0.955080104758963/tmp.tgz
190 http GET https://registry.npmjs.org/microtime/-/microtime-0.2.0.tgz
191 http 200 https://registry.npmjs.org/microtime/-/microtime-0.2.0.tgz
192 silly shasum updated bytes 10240
193 info shasum 45ee5cb061f9948a3ade221e620d5117a8a2bdb4
193 info shasum /var/folders/Sd/Sdb4fwgYE4mnRl1rpzTtMU++8DI/-Tmp-/npm-26676/1383089682359-0.955080104758963/tmp.tgz
194 verbose tar unpack /var/folders/Sd/Sdb4fwgYE4mnRl1rpzTtMU++8DI/-Tmp-/npm-26676/1383089682359-0.955080104758963/tmp.tgz
195 silly lockFile ea208149-682359-0-955080104758963-package /var/folders/Sd/Sdb4fwgYE4mnRl1rpzTtMU++8DI/-Tmp-/npm-26676/1383089682359-0.955080104758963/package
196 verbose lock /var/folders/Sd/Sdb4fwgYE4mnRl1rpzTtMU++8DI/-Tmp-/npm-26676/1383089682359-0.955080104758963/package /Users/akingabramson/.npm/ea208149-682359-0-955080104758963-package.lock
197 silly lockFile 51bc9948-682359-0-955080104758963-tmp-tgz /var/folders/Sd/Sdb4fwgYE4mnRl1rpzTtMU++8DI/-Tmp-/npm-26676/1383089682359-0.955080104758963/tmp.tgz
198 verbose lock /var/folders/Sd/Sdb4fwgYE4mnRl1rpzTtMU++8DI/-Tmp-/npm-26676/1383089682359-0.955080104758963/tmp.tgz /Users/akingabramson/.npm/51bc9948-682359-0-955080104758963-tmp-tgz.lock
199 silly gunzTarPerm modes [ '755', '644' ]
200 silly gunzTarPerm extractEntry index.js
201 silly gunzTarPerm extractEntry LICENSE
202 silly gunzTarPerm extractEntry package.json
203 silly gunzTarPerm extractEntry README.md
204 silly gunzTarPerm extractEntry test.js
205 silly gunzTarPerm extractEntry wscript
206 silly gunzTarPerm extractEntry src/microtime.cc
207 verbose read json /var/folders/Sd/Sdb4fwgYE4mnRl1rpzTtMU++8DI/-Tmp-/npm-26676/1383089682359-0.955080104758963/package/package.json
208 silly lockFile ea208149-682359-0-955080104758963-package /var/folders/Sd/Sdb4fwgYE4mnRl1rpzTtMU++8DI/-Tmp-/npm-26676/1383089682359-0.955080104758963/package
209 silly lockFile ea208149-682359-0-955080104758963-package /var/folders/Sd/Sdb4fwgYE4mnRl1rpzTtMU++8DI/-Tmp-/npm-26676/1383089682359-0.955080104758963/package
210 silly lockFile 51bc9948-682359-0-955080104758963-tmp-tgz /var/folders/Sd/Sdb4fwgYE4mnRl1rpzTtMU++8DI/-Tmp-/npm-26676/1383089682359-0.955080104758963/tmp.tgz
211 silly lockFile 51bc9948-682359-0-955080104758963-tmp-tgz /var/folders/Sd/Sdb4fwgYE4mnRl1rpzTtMU++8DI/-Tmp-/npm-26676/1383089682359-0.955080104758963/tmp.tgz
212 verbose from cache /var/folders/Sd/Sdb4fwgYE4mnRl1rpzTtMU++8DI/-Tmp-/npm-26676/1383089682359-0.955080104758963/package/package.json
213 verbose tar pack [ '/Users/akingabramson/.npm/microtime/0.2.0/package.tgz',
213 verbose tar pack   '/var/folders/Sd/Sdb4fwgYE4mnRl1rpzTtMU++8DI/-Tmp-/npm-26676/1383089682359-0.955080104758963/package' ]
214 verbose tarball /Users/akingabramson/.npm/microtime/0.2.0/package.tgz
215 verbose folder /var/folders/Sd/Sdb4fwgYE4mnRl1rpzTtMU++8DI/-Tmp-/npm-26676/1383089682359-0.955080104758963/package
216 silly lockFile ea208149-682359-0-955080104758963-package /var/folders/Sd/Sdb4fwgYE4mnRl1rpzTtMU++8DI/-Tmp-/npm-26676/1383089682359-0.955080104758963/package
217 verbose lock /var/folders/Sd/Sdb4fwgYE4mnRl1rpzTtMU++8DI/-Tmp-/npm-26676/1383089682359-0.955080104758963/package /Users/akingabramson/.npm/ea208149-682359-0-955080104758963-package.lock
218 silly lockFile f9297a0b--npm-microtime-0-2-0-package-tgz /Users/akingabramson/.npm/microtime/0.2.0/package.tgz
219 verbose lock /Users/akingabramson/.npm/microtime/0.2.0/package.tgz /Users/akingabramson/.npm/f9297a0b--npm-microtime-0-2-0-package-tgz.lock
220 silly lockFile ea208149-682359-0-955080104758963-package /var/folders/Sd/Sdb4fwgYE4mnRl1rpzTtMU++8DI/-Tmp-/npm-26676/1383089682359-0.955080104758963/package
221 silly lockFile ea208149-682359-0-955080104758963-package /var/folders/Sd/Sdb4fwgYE4mnRl1rpzTtMU++8DI/-Tmp-/npm-26676/1383089682359-0.955080104758963/package
222 silly lockFile f9297a0b--npm-microtime-0-2-0-package-tgz /Users/akingabramson/.npm/microtime/0.2.0/package.tgz
223 silly lockFile f9297a0b--npm-microtime-0-2-0-package-tgz /Users/akingabramson/.npm/microtime/0.2.0/package.tgz
224 silly lockFile 23b03819-mson-npm-microtime-0-2-0-package /Users/akingabramson/.npm/microtime/0.2.0/package
225 verbose lock /Users/akingabramson/.npm/microtime/0.2.0/package /Users/akingabramson/.npm/23b03819-mson-npm-microtime-0-2-0-package.lock
226 silly lockFile 23b03819-mson-npm-microtime-0-2-0-package /Users/akingabramson/.npm/microtime/0.2.0/package
227 silly lockFile 23b03819-mson-npm-microtime-0-2-0-package /Users/akingabramson/.npm/microtime/0.2.0/package
228 verbose tar unpack /Users/akingabramson/.npm/microtime/0.2.0/package.tgz
229 silly lockFile 23b03819-mson-npm-microtime-0-2-0-package /Users/akingabramson/.npm/microtime/0.2.0/package
230 verbose lock /Users/akingabramson/.npm/microtime/0.2.0/package /Users/akingabramson/.npm/23b03819-mson-npm-microtime-0-2-0-package.lock
231 silly lockFile f9297a0b--npm-microtime-0-2-0-package-tgz /Users/akingabramson/.npm/microtime/0.2.0/package.tgz
232 verbose lock /Users/akingabramson/.npm/microtime/0.2.0/package.tgz /Users/akingabramson/.npm/f9297a0b--npm-microtime-0-2-0-package-tgz.lock
233 silly gunzTarPerm modes [ '755', '644' ]
234 silly gunzTarPerm extractEntry package.json
235 silly gunzTarPerm extractEntry README.md
236 silly gunzTarPerm extractEntry LICENSE
237 silly gunzTarPerm extractEntry index.js
238 silly gunzTarPerm extractEntry test.js
239 silly gunzTarPerm extractEntry src/microtime.cc
240 silly gunzTarPerm extractEntry wscript
241 verbose read json /Users/akingabramson/.npm/microtime/0.2.0/package/package.json
242 silly lockFile 23b03819-mson-npm-microtime-0-2-0-package /Users/akingabramson/.npm/microtime/0.2.0/package
243 silly lockFile 23b03819-mson-npm-microtime-0-2-0-package /Users/akingabramson/.npm/microtime/0.2.0/package
244 silly lockFile f9297a0b--npm-microtime-0-2-0-package-tgz /Users/akingabramson/.npm/microtime/0.2.0/package.tgz
245 silly lockFile f9297a0b--npm-microtime-0-2-0-package-tgz /Users/akingabramson/.npm/microtime/0.2.0/package.tgz
246 silly shasum updated bytes 2915
247 info shasum bfeb2174ecfc5708c8bb85c82b67901eed71063d
247 info shasum /Users/akingabramson/.npm/microtime/0.2.0/package.tgz
248 verbose from cache /Users/akingabramson/.npm/microtime/0.2.0/package/package.json
249 verbose chmod /Users/akingabramson/.npm/microtime/0.2.0/package.tgz 644
250 verbose chown /Users/akingabramson/.npm/microtime/0.2.0/package.tgz [ 10485, 1028 ]
251 silly lockFile 1672971e-rg-microtime-microtime-0-2-0-tgz https://registry.npmjs.org/microtime/-/microtime-0.2.0.tgz
252 silly lockFile 1672971e-rg-microtime-microtime-0-2-0-tgz https://registry.npmjs.org/microtime/-/microtime-0.2.0.tgz
253 silly lockFile 2e0a3709-microtime-0-2-0 microtime@=0.2.0
254 silly lockFile 2e0a3709-microtime-0-2-0 microtime@=0.2.0
255 silly resolved [ { name: 'microtime',
255 silly resolved     version: '0.2.0',
255 silly resolved     description: 'Get the current time in microseconds',
255 silly resolved     author:
255 silly resolved      { name: 'Wade Simmons',
255 silly resolved        email: 'wade@wades.im',
255 silly resolved        url: 'http://wades.im/mons' },
255 silly resolved     homepage: 'https://github.com/wadey/node-microtime',
255 silly resolved     repository:
255 silly resolved      { type: 'git',
255 silly resolved        url: 'git://github.com/wadey/node-microtime.git' },
255 silly resolved     main: './index',
255 silly resolved     engines: { node: '>= 0.2.0' },
255 silly resolved     scripts: { install: 'node-waf configure build', test: 'node test.js' },
255 silly resolved     readme: '# node-microtime\n\nDate.now() will only give you accuracy in milliseconds. This module calls\n`gettimeofday(2)` to get the time in microseconds and provides it in a few\ndifferent formats. The same warning from that function applies:\n_The resolution of the system clock is hardware dependent, and the time may\nbe updated continuously or in ``ticks.\'\'_\n\n# Installation\n\n    npm install microtime\n\n# Usage\n\n### microtime.now()\n\nGet the current time in microseconds as an integer. Since JavaScript can only\nrepresent integer values accurately up to `Math.pow(2, 53)`, this value will\nbe accurate up to _Tue, 05 Jun 2255 23:47:34 GMT_.\n\n### microtime.nowDouble()\n\nGet the current time in seconds as a floating point number with microsecond\naccuracy (similar to `time.time()` in Python and `Time.now.to_f` in Ruby).\n\n### microtime.nowStruct()\n\nGet the current time and return as a list with seconds and microseconds (matching the return value of `gettimeofday(2)`).\n\n# Example\n\n    > var microtime = require(\'microtime\')\n    > microtime.now()\n    1297448895297028\n    > microtime.nowDouble()\n    1297448897.600976\n    > microtime.nowStruct()\n    [ 1297448902, 753875 ]\n\n## Estimating clock resolution\n\nStarting with version 0.1.3, there is a test script that tries to guess the clock resolution. You can run it with `npm test microtime`. Example output:\n\n    microtime.now() = 1298960083489806\n    microtime.nowDouble() = 1298960083.511521\n    microtime.nowStruct() = [ 1298960083, 511587 ]\n\n    Guessing clock resolution...\n    Clock resolution observed: 1us\n\n## Tested on\n\n    Node.js 0.2.6\n      - OS X 10.6.6\n      - Ubuntu 10.04\n\n    Node.js 0.4.1\n      - OS X 10.6.6\n      - Windows 7 64bit (Cygwin) *\n\n## Warning for Cygwin users\n\nIt appears that Cygwin only implements `gettimeofday(2)` with [millisecond accuracy](http://old.nabble.com/gettimeofday---millisecond-accuracy-p21085475.html).\n',
255 silly resolved     readmeFilename: 'README.md',
255 silly resolved     _id: 'microtime@0.2.0',
255 silly resolved     dist: { shasum: 'bfeb2174ecfc5708c8bb85c82b67901eed71063d' },
255 silly resolved     _from: 'microtime@=0.2.0',
255 silly resolved     _resolved: 'https://registry.npmjs.org/microtime/-/microtime-0.2.0.tgz' } ]
256 info install microtime@0.2.0 into /Users/akingabramson/Desktop/reading_drafts/node_demo/node_modules/socket
257 info installOne microtime@0.2.0
258 verbose from cache /Users/akingabramson/.npm/microtime/0.2.0/package/package.json
259 info /Users/akingabramson/Desktop/reading_drafts/node_demo/node_modules/socket/node_modules/microtime unbuild
260 verbose read json /Users/akingabramson/Desktop/reading_drafts/node_demo/node_modules/socket/node_modules/microtime/package.json
261 verbose tar unpack /Users/akingabramson/.npm/microtime/0.2.0/package.tgz
262 silly lockFile d41c5958-es-socket-node-modules-microtime /Users/akingabramson/Desktop/reading_drafts/node_demo/node_modules/socket/node_modules/microtime
263 verbose lock /Users/akingabramson/Desktop/reading_drafts/node_demo/node_modules/socket/node_modules/microtime /Users/akingabramson/.npm/d41c5958-es-socket-node-modules-microtime.lock
264 silly lockFile f9297a0b--npm-microtime-0-2-0-package-tgz /Users/akingabramson/.npm/microtime/0.2.0/package.tgz
265 verbose lock /Users/akingabramson/.npm/microtime/0.2.0/package.tgz /Users/akingabramson/.npm/f9297a0b--npm-microtime-0-2-0-package-tgz.lock
266 silly gunzTarPerm modes [ '755', '644' ]
267 silly gunzTarPerm extractEntry package.json
268 silly gunzTarPerm extractEntry README.md
269 silly gunzTarPerm extractEntry LICENSE
270 silly gunzTarPerm extractEntry index.js
271 silly gunzTarPerm extractEntry test.js
272 silly gunzTarPerm extractEntry src/microtime.cc
273 silly gunzTarPerm extractEntry wscript
274 verbose read json /Users/akingabramson/Desktop/reading_drafts/node_demo/node_modules/socket/node_modules/microtime/package.json
275 silly lockFile d41c5958-es-socket-node-modules-microtime /Users/akingabramson/Desktop/reading_drafts/node_demo/node_modules/socket/node_modules/microtime
276 silly lockFile d41c5958-es-socket-node-modules-microtime /Users/akingabramson/Desktop/reading_drafts/node_demo/node_modules/socket/node_modules/microtime
277 silly lockFile f9297a0b--npm-microtime-0-2-0-package-tgz /Users/akingabramson/.npm/microtime/0.2.0/package.tgz
278 silly lockFile f9297a0b--npm-microtime-0-2-0-package-tgz /Users/akingabramson/.npm/microtime/0.2.0/package.tgz
279 info preinstall microtime@0.2.0
280 verbose from cache /Users/akingabramson/Desktop/reading_drafts/node_demo/node_modules/socket/node_modules/microtime/package.json
281 verbose readDependencies using package.json deps
282 verbose from cache /Users/akingabramson/Desktop/reading_drafts/node_demo/node_modules/socket/node_modules/microtime/package.json
283 verbose readDependencies using package.json deps
284 silly resolved []
285 verbose about to build /Users/akingabramson/Desktop/reading_drafts/node_demo/node_modules/socket/node_modules/microtime
286 info build /Users/akingabramson/Desktop/reading_drafts/node_demo/node_modules/socket/node_modules/microtime
287 verbose from cache /Users/akingabramson/Desktop/reading_drafts/node_demo/node_modules/socket/node_modules/microtime/package.json
288 verbose linkStuff [ false,
288 verbose linkStuff   false,
288 verbose linkStuff   false,
288 verbose linkStuff   '/Users/akingabramson/Desktop/reading_drafts/node_demo/node_modules/socket/node_modules' ]
289 info linkStuff microtime@0.2.0
290 verbose linkBins microtime@0.2.0
291 verbose linkMans microtime@0.2.0
292 verbose rebuildBundles microtime@0.2.0
293 info install microtime@0.2.0
294 verbose unsafe-perm in lifecycle true
295 silly exec sh "-c" "node-waf configure build"
296 silly sh,-c,node-waf configure build,/Users/akingabramson/Desktop/reading_drafts/node_demo/node_modules/socket/node_modules/microtime spawning
297 info microtime@0.2.0 Failed to exec install script
298 info /Users/akingabramson/Desktop/reading_drafts/node_demo/node_modules/socket/node_modules/microtime unbuild
299 verbose from cache /Users/akingabramson/Desktop/reading_drafts/node_demo/node_modules/socket/node_modules/microtime/package.json
300 info preuninstall microtime@0.2.0
301 info uninstall microtime@0.2.0
302 verbose false,/Users/akingabramson/Desktop/reading_drafts/node_demo/node_modules,/Users/akingabramson/Desktop/reading_drafts/node_demo/node_modules/socket/node_modules unbuild microtime@0.2.0
303 info postuninstall microtime@0.2.0
304 verbose about to build /Users/akingabramson/Desktop/reading_drafts/node_demo/node_modules/socket
305 info /Users/akingabramson/Desktop/reading_drafts/node_demo/node_modules/socket unbuild
306 verbose from cache /Users/akingabramson/Desktop/reading_drafts/node_demo/node_modules/socket/package.json
307 info preuninstall socket@0.0.1
308 info uninstall socket@0.0.1
309 verbose true,/Users/akingabramson/Desktop/reading_drafts/node_demo/node_modules,/Users/akingabramson/Desktop/reading_drafts/node_demo/node_modules unbuild socket@0.0.1
310 info postuninstall socket@0.0.1
311 error microtime@0.2.0 install: `node-waf configure build`
311 error `sh "-c" "node-waf configure build"` failed with 127
312 error Failed at the microtime@0.2.0 install script.
312 error This is most likely a problem with the microtime package,
312 error not with npm itself.
312 error Tell the author that this fails on your system:
312 error     node-waf configure build
312 error You can get their info via:
312 error     npm owner ls microtime
312 error There is likely additional logging output above.
313 error System Darwin 10.8.0
314 error command "/usr/local/Cellar/node/0.10.3/bin/node" "/usr/local/bin/npm" "install" "socket"
315 error cwd /Users/akingabramson/Desktop/reading_drafts/node_demo
316 error node -v v0.10.3
317 error npm -v 1.2.17
318 error code ELIFECYCLE
319 verbose exit [ 1, true ]
